c:\users\yamag\onedrive\desktop\yamaguchitakeru_github\yamaguchitakeru_github\takeruhearts\takeruhearts\takeruhearts\x64\release\vc143.pdb
c:\users\yamag\onedrive\desktop\yamaguchitakeru_github\yamaguchitakeru_github\takeruhearts\takeruhearts\takeruhearts\x64\release\joypad.obj
c:\users\yamag\onedrive\desktop\yamaguchitakeru_github\yamaguchitakeru_github\takeruhearts\takeruhearts\takeruhearts\x64\release\keyboard.obj
c:\users\yamag\onedrive\desktop\yamaguchitakeru_github\yamaguchitakeru_github\takeruhearts\takeruhearts\takeruhearts\x64\release\inputdevicemanager.obj
c:\users\yamag\onedrive\desktop\yamaguchitakeru_github\yamaguchitakeru_github\takeruhearts\takeruhearts\takeruhearts\x64\release\firstmap.obj
c:\users\yamag\onedrive\desktop\yamaguchitakeru_github\yamaguchitakeru_github\takeruhearts\takeruhearts\takeruhearts\x64\release\grassland.obj
c:\users\yamag\onedrive\desktop\yamaguchitakeru_github\yamaguchitakeru_github\takeruhearts\takeruhearts\takeruhearts\x64\release\greenground.obj
c:\users\yamag\onedrive\desktop\yamaguchitakeru_github\yamaguchitakeru_github\takeruhearts\takeruhearts\takeruhearts\x64\release\fadeinandfadeout.obj
c:\users\yamag\onedrive\desktop\yamaguchitakeru_github\yamaguchitakeru_github\takeruhearts\takeruhearts\takeruhearts\x64\release\config.obj
c:\users\yamag\onedrive\desktop\yamaguchitakeru_github\yamaguchitakeru_github\takeruhearts\takeruhearts\takeruhearts\x64\release\collidable.obj
c:\users\yamag\onedrive\desktop\yamaguchitakeru_github\yamaguchitakeru_github\takeruhearts\takeruhearts\takeruhearts\x64\release\colliderdatasphere.obj
c:\users\yamag\onedrive\desktop\yamaguchitakeru_github\yamaguchitakeru_github\takeruhearts\takeruhearts\takeruhearts\x64\release\debugdraw.obj
c:\users\yamag\onedrive\desktop\yamaguchitakeru_github\yamaguchitakeru_github\takeruhearts\takeruhearts\takeruhearts\x64\release\physics.obj
c:\users\yamag\onedrive\desktop\yamaguchitakeru_github\yamaguchitakeru_github\takeruhearts\takeruhearts\takeruhearts\x64\release\rigidbody.obj
c:\users\yamag\onedrive\desktop\yamaguchitakeru_github\yamaguchitakeru_github\takeruhearts\takeruhearts\takeruhearts\x64\release\camera.obj
c:\users\yamag\onedrive\desktop\yamaguchitakeru_github\yamaguchitakeru_github\takeruhearts\takeruhearts\takeruhearts\x64\release\button.obj
c:\users\yamag\onedrive\desktop\yamaguchitakeru_github\yamaguchitakeru_github\takeruhearts\takeruhearts\takeruhearts\x64\release\image.obj
c:\users\yamag\onedrive\desktop\yamaguchitakeru_github\yamaguchitakeru_github\takeruhearts\takeruhearts\takeruhearts\x64\release\quaternion.obj
c:\users\yamag\onedrive\desktop\yamaguchitakeru_github\yamaguchitakeru_github\takeruhearts\takeruhearts\takeruhearts\x64\release\light.obj
c:\users\yamag\onedrive\desktop\yamaguchitakeru_github\yamaguchitakeru_github\takeruhearts\takeruhearts\takeruhearts\x64\release\colliderdatabox.obj
c:\users\yamag\onedrive\desktop\yamaguchitakeru_github\yamaguchitakeru_github\takeruhearts\takeruhearts\takeruhearts\x64\release\animationmanager.obj
c:\users\yamag\onedrive\desktop\yamaguchitakeru_github\yamaguchitakeru_github\takeruhearts\takeruhearts\takeruhearts\x64\release\statusmaster.obj
c:\users\yamag\onedrive\desktop\yamaguchitakeru_github\yamaguchitakeru_github\takeruhearts\takeruhearts\takeruhearts\x64\release\soundmanager.obj
c:\users\yamag\onedrive\desktop\yamaguchitakeru_github\yamaguchitakeru_github\takeruhearts\takeruhearts\takeruhearts\x64\release\soundmaster.obj
c:\users\yamag\onedrive\desktop\yamaguchitakeru_github\yamaguchitakeru_github\takeruhearts\takeruhearts\takeruhearts\x64\release\scenebase.obj
c:\users\yamag\onedrive\desktop\yamaguchitakeru_github\yamaguchitakeru_github\takeruhearts\takeruhearts\takeruhearts\x64\release\scenegame.obj
c:\users\yamag\onedrive\desktop\yamaguchitakeru_github\yamaguchitakeru_github\takeruhearts\takeruhearts\takeruhearts\x64\release\scenemanager.obj
c:\users\yamag\onedrive\desktop\yamaguchitakeru_github\yamaguchitakeru_github\takeruhearts\takeruhearts\takeruhearts\x64\release\sceneresult.obj
c:\users\yamag\onedrive\desktop\yamaguchitakeru_github\yamaguchitakeru_github\takeruhearts\takeruhearts\takeruhearts\x64\release\scenetitle.obj
c:\users\yamag\onedrive\desktop\yamaguchitakeru_github\yamaguchitakeru_github\takeruhearts\takeruhearts\takeruhearts\x64\release\tree.obj
c:\users\yamag\onedrive\desktop\yamaguchitakeru_github\yamaguchitakeru_github\takeruhearts\takeruhearts\takeruhearts\x64\release\skydome.obj
c:\users\yamag\onedrive\desktop\yamaguchitakeru_github\yamaguchitakeru_github\takeruhearts\takeruhearts\takeruhearts\x64\release\player.obj
c:\users\yamag\onedrive\desktop\yamaguchitakeru_github\yamaguchitakeru_github\takeruhearts\takeruhearts\takeruhearts\x64\release\mischar.obj
c:\users\yamag\onedrive\desktop\yamaguchitakeru_github\yamaguchitakeru_github\takeruhearts\takeruhearts\takeruhearts\x64\release\mapbase.obj
c:\users\yamag\onedrive\desktop\yamaguchitakeru_github\yamaguchitakeru_github\takeruhearts\takeruhearts\takeruhearts\x64\release\mapmanager.obj
c:\users\yamag\onedrive\desktop\yamaguchitakeru_github\yamaguchitakeru_github\takeruhearts\takeruhearts\takeruhearts\x64\release\main.obj
c:\users\yamag\onedrive\desktop\yamaguchitakeru_github\yamaguchitakeru_github\takeruhearts\takeruhearts\x64\release\takeruhearts.exe
c:\users\yamag\onedrive\desktop\yamaguchitakeru_github\yamaguchitakeru_github\takeruhearts\takeruhearts\takeruhearts\x64\release\takeruhearts.ipdb
c:\users\yamag\onedrive\desktop\yamaguchitakeru_github\yamaguchitakeru_github\takeruhearts\takeruhearts\x64\release\takeruhearts.pdb
c:\users\yamag\onedrive\desktop\yamaguchitakeru_github\yamaguchitakeru_github\takeruhearts\takeruhearts\takeruhearts\x64\release\takeruhearts.iobj
c:\users\yamag\onedrive\desktop\yamaguchitakeru_github\yamaguchitakeru_github\takeruhearts\takeruhearts\takeruhearts\x64\release\takeruhearts.tlog\cl.command.1.tlog
c:\users\yamag\onedrive\desktop\yamaguchitakeru_github\yamaguchitakeru_github\takeruhearts\takeruhearts\takeruhearts\x64\release\takeruhearts.tlog\cl.items.tlog
c:\users\yamag\onedrive\desktop\yamaguchitakeru_github\yamaguchitakeru_github\takeruhearts\takeruhearts\takeruhearts\x64\release\takeruhearts.tlog\cl.read.1.tlog
c:\users\yamag\onedrive\desktop\yamaguchitakeru_github\yamaguchitakeru_github\takeruhearts\takeruhearts\takeruhearts\x64\release\takeruhearts.tlog\cl.write.1.tlog
c:\users\yamag\onedrive\desktop\yamaguchitakeru_github\yamaguchitakeru_github\takeruhearts\takeruhearts\takeruhearts\x64\release\takeruhearts.tlog\link.command.1.tlog
c:\users\yamag\onedrive\desktop\yamaguchitakeru_github\yamaguchitakeru_github\takeruhearts\takeruhearts\takeruhearts\x64\release\takeruhearts.tlog\link.read.1.tlog
c:\users\yamag\onedrive\desktop\yamaguchitakeru_github\yamaguchitakeru_github\takeruhearts\takeruhearts\takeruhearts\x64\release\takeruhearts.tlog\link.write.1.tlog
