  Camera.cpp
  Mischar.cpp
  FirstMap.cpp
  Quaternion.cpp
  DebugDraw.cpp
  Player.cpp
C:\Users\yamag\OneDrive\Desktop\TakeruHearts\TakeruHearts\TakeruHearts\Object\Fellow\Player.cpp(23,28): warning C4244: '=': 'int' から 'float' への変換です。データが失われる可能性があります。
C:\Users\yamag\OneDrive\Desktop\TakeruHearts\TakeruHearts\TakeruHearts\Object\Fellow\Player.cpp(37,17): warning C4244: '引数': 'float' から 'int' への変換です。データが失われる可能性があります。
C:\Users\yamag\OneDrive\Desktop\TakeruHearts\TakeruHearts\TakeruHearts\Object\Fellow\Player.cpp(89,21): warning C4244: '引数': 'float' から 'int' への変換です。データが失われる可能性があります。
C:\Users\yamag\OneDrive\Desktop\TakeruHearts\TakeruHearts\TakeruHearts\Object\Fellow\Player.cpp(106,17): warning C4244: '引数': 'float' から 'int' への変換です。データが失われる可能性があります。
C:\Users\yamag\OneDrive\Desktop\TakeruHearts\TakeruHearts\TakeruHearts\Object\Fellow\Player.cpp(118,15): warning C4244: '引数': 'float' から 'int' への変換です。データが失われる可能性があります。
  Collidable.cpp
  Physics.cpp
  InputDeviceManager.cpp
  JoyPad.cpp
  main.cpp
  SceneManager.cpp
  SceneResult.cpp
  SceneGame.cpp
  SceneBase.cpp
  SceneTitle.cpp
C:\Users\yamag\OneDrive\Desktop\TakeruHearts\TakeruHearts\TakeruHearts\Scene\SceneTitle.cpp(123,44): warning C4244: '引数': 'float' から 'int' への変換です。データが失われる可能性があります。
C:\Users\yamag\OneDrive\Desktop\TakeruHearts\TakeruHearts\TakeruHearts\Scene\SceneTitle.cpp(123,26): warning C4244: '引数': 'float' から 'int' への変換です。データが失われる可能性があります。
  コード生成しています。
  121 of 1678 functions ( 7.2%) were compiled, the rest were copied from previous compilation.
    69 functions were new in current compilation
    162 functions had inline decision re-evaluated but remain unchanged
  コード生成が終了しました。
  TakeruHearts.vcxproj -> C:\Users\yamag\OneDrive\Desktop\TakeruHearts\TakeruHearts\x64\Release\TakeruHearts.exe
