c:\users\yamag\desktop\takeruhearts\takeruhearts\x64\debug\vc143.pdb
c:\users\yamag\desktop\takeruhearts\takeruhearts\x64\debug\vc143.idb
c:\users\yamag\desktop\takeruhearts\takeruhearts\x64\debug\joypad.obj
c:\users\yamag\desktop\takeruhearts\takeruhearts\x64\debug\keyboard.obj
c:\users\yamag\desktop\takeruhearts\takeruhearts\x64\debug\inputdevicemanager.obj
c:\users\yamag\desktop\takeruhearts\takeruhearts\x64\debug\firstmap.obj
c:\users\yamag\desktop\takeruhearts\takeruhearts\x64\debug\grassland.obj
c:\users\yamag\desktop\takeruhearts\takeruhearts\x64\debug\greenground.obj
c:\users\yamag\desktop\takeruhearts\takeruhearts\x64\debug\fadeinandfadeout.obj
c:\users\yamag\desktop\takeruhearts\takeruhearts\x64\debug\config.obj
c:\users\yamag\desktop\takeruhearts\takeruhearts\x64\debug\collidable.obj
c:\users\yamag\desktop\takeruhearts\takeruhearts\x64\debug\colliderdatasphere.obj
c:\users\yamag\desktop\takeruhearts\takeruhearts\x64\debug\debugdraw.obj
c:\users\yamag\desktop\takeruhearts\takeruhearts\x64\debug\physics.obj
c:\users\yamag\desktop\takeruhearts\takeruhearts\x64\debug\rigidbody.obj
c:\users\yamag\desktop\takeruhearts\takeruhearts\x64\debug\camera.obj
c:\users\yamag\desktop\takeruhearts\takeruhearts\x64\debug\button.obj
c:\users\yamag\desktop\takeruhearts\takeruhearts\x64\debug\image.obj
c:\users\yamag\desktop\takeruhearts\takeruhearts\x64\debug\quaternion.obj
c:\users\yamag\desktop\takeruhearts\takeruhearts\x64\debug\light.obj
c:\users\yamag\desktop\takeruhearts\takeruhearts\x64\debug\colliderdatabox.obj
c:\users\yamag\desktop\takeruhearts\takeruhearts\x64\debug\animationmanager.obj
c:\users\yamag\desktop\takeruhearts\takeruhearts\x64\debug\statusmaster.obj
c:\users\yamag\desktop\takeruhearts\takeruhearts\x64\debug\soundmanager.obj
c:\users\yamag\desktop\takeruhearts\takeruhearts\x64\debug\soundmaster.obj
c:\users\yamag\desktop\takeruhearts\takeruhearts\x64\debug\scenebase.obj
c:\users\yamag\desktop\takeruhearts\takeruhearts\x64\debug\scenegame.obj
c:\users\yamag\desktop\takeruhearts\takeruhearts\x64\debug\scenemanager.obj
c:\users\yamag\desktop\takeruhearts\takeruhearts\x64\debug\sceneresult.obj
c:\users\yamag\desktop\takeruhearts\takeruhearts\x64\debug\scenetitle.obj
c:\users\yamag\desktop\takeruhearts\takeruhearts\x64\debug\tree.obj
c:\users\yamag\desktop\takeruhearts\takeruhearts\x64\debug\skydome.obj
c:\users\yamag\desktop\takeruhearts\takeruhearts\x64\debug\player.obj
c:\users\yamag\desktop\takeruhearts\takeruhearts\x64\debug\mischar.obj
c:\users\yamag\desktop\takeruhearts\takeruhearts\x64\debug\mapbase.obj
c:\users\yamag\desktop\takeruhearts\takeruhearts\x64\debug\mapmanager.obj
c:\users\yamag\desktop\takeruhearts\takeruhearts\x64\debug\main.obj
c:\users\yamag\desktop\takeruhearts\takeruhearts\x64\debug\takeruhearts.ilk
c:\users\yamag\desktop\takeruhearts\x64\debug\takeruhearts.exe
c:\users\yamag\desktop\takeruhearts\x64\debug\takeruhearts.pdb
c:\users\yamag\desktop\takeruhearts\takeruhearts\x64\debug\takeruhearts.tlog\cl.command.1.tlog
c:\users\yamag\desktop\takeruhearts\takeruhearts\x64\debug\takeruhearts.tlog\cl.items.tlog
c:\users\yamag\desktop\takeruhearts\takeruhearts\x64\debug\takeruhearts.tlog\cl.read.1.tlog
c:\users\yamag\desktop\takeruhearts\takeruhearts\x64\debug\takeruhearts.tlog\cl.write.1.tlog
c:\users\yamag\desktop\takeruhearts\takeruhearts\x64\debug\takeruhearts.tlog\link.command.1.tlog
c:\users\yamag\desktop\takeruhearts\takeruhearts\x64\debug\takeruhearts.tlog\link.read.1.tlog
c:\users\yamag\desktop\takeruhearts\takeruhearts\x64\debug\takeruhearts.tlog\link.write.1.tlog
