  AnimationManager.cpp
C:\Users\fko2347069\Desktop\Yamaguchitakeru_GitHub\Yamaguchitakeru_GitHub\TakeruHearts\TakeruHearts\プロジェクトに追加すべきファイル_VC用\DxLib.h(3344,1): warning C4819: ファイルは、現在のコード ページ (932) で表示できない文字を含んでいます。データの損失を防ぐために、ファイルを Unicode 形式で保存してください。
  Camera.cpp
C:\Users\fko2347069\Desktop\Yamaguchitakeru_GitHub\Yamaguchitakeru_GitHub\TakeruHearts\TakeruHearts\プロジェクトに追加すべきファイル_VC用\DxLib.h(3344,1): warning C4819: ファイルは、現在のコード ページ (932) で表示できない文字を含んでいます。データの損失を防ぐために、ファイルを Unicode 形式で保存してください。
  GrassLand.cpp
C:\Users\fko2347069\Desktop\Yamaguchitakeru_GitHub\Yamaguchitakeru_GitHub\TakeruHearts\TakeruHearts\プロジェクトに追加すべきファイル_VC用\DxLib.h(3344,1): warning C4819: ファイルは、現在のコード ページ (932) で表示できない文字を含んでいます。データの損失を防ぐために、ファイルを Unicode 形式で保存してください。
  SkyDome.cpp
C:\Users\fko2347069\Desktop\Yamaguchitakeru_GitHub\Yamaguchitakeru_GitHub\TakeruHearts\TakeruHearts\プロジェクトに追加すべきファイル_VC用\DxLib.h(3344,1): warning C4819: ファイルは、現在のコード ページ (932) で表示できない文字を含んでいます。データの損失を防ぐために、ファイルを Unicode 形式で保存してください。
  SoundMaster.cpp
  SoundManager.cpp
C:\Users\fko2347069\Desktop\Yamaguchitakeru_GitHub\Yamaguchitakeru_GitHub\TakeruHearts\TakeruHearts\プロジェクトに追加すべきファイル_VC用\DxLib.h(3344,1): warning C4819: ファイルは、現在のコード ページ (932) で表示できない文字を含んでいます。データの損失を防ぐために、ファイルを Unicode 形式で保存してください。
  ColliderDataSphere.cpp
C:\Users\fko2347069\Desktop\Yamaguchitakeru_GitHub\Yamaguchitakeru_GitHub\TakeruHearts\TakeruHearts\プロジェクトに追加すべきファイル_VC用\DxLib.h(3344,1): warning C4819: ファイルは、現在のコード ページ (932) で表示できない文字を含んでいます。データの損失を防ぐために、ファイルを Unicode 形式で保存してください。
  Mischar.cpp
C:\Users\fko2347069\Desktop\Yamaguchitakeru_GitHub\Yamaguchitakeru_GitHub\TakeruHearts\TakeruHearts\プロジェクトに追加すべきファイル_VC用\DxLib.h(3344,1): warning C4819: ファイルは、現在のコード ページ (932) で表示できない文字を含んでいます。データの損失を防ぐために、ファイルを Unicode 形式で保存してください。
  FirstMap.cpp
C:\Users\fko2347069\Desktop\Yamaguchitakeru_GitHub\Yamaguchitakeru_GitHub\TakeruHearts\TakeruHearts\プロジェクトに追加すべきファイル_VC用\DxLib.h(3344,1): warning C4819: ファイルは、現在のコード ページ (932) で表示できない文字を含んでいます。データの損失を防ぐために、ファイルを Unicode 形式で保存してください。
  MapBase.cpp
  MapManager.cpp
  Quaternion.cpp
  DebugDraw.cpp
C:\Users\fko2347069\Desktop\Yamaguchitakeru_GitHub\Yamaguchitakeru_GitHub\TakeruHearts\TakeruHearts\プロジェクトに追加すべきファイル_VC用\DxLib.h(3344,1): warning C4819: ファイルは、現在のコード ページ (932) で表示できない文字を含んでいます。データの損失を防ぐために、ファイルを Unicode 形式で保存してください。
  FadeInAndFadeOut.cpp
  Player.cpp
C:\Users\fko2347069\Desktop\Yamaguchitakeru_GitHub\Yamaguchitakeru_GitHub\TakeruHearts\TakeruHearts\プロジェクトに追加すべきファイル_VC用\DxLib.h(3344,1): warning C4819: ファイルは、現在のコード ページ (932) で表示できない文字を含んでいます。データの損失を防ぐために、ファイルを Unicode 形式で保存してください。
C:\Users\fko2347069\Desktop\Yamaguchitakeru_GitHub\Yamaguchitakeru_GitHub\TakeruHearts\TakeruHearts\TakeruHearts\Object\Fellow\Player.cpp(23,28): warning C4244: '=': 'int' から 'float' への変換です。データが失われる可能性があります。
C:\Users\fko2347069\Desktop\Yamaguchitakeru_GitHub\Yamaguchitakeru_GitHub\TakeruHearts\TakeruHearts\TakeruHearts\Object\Fellow\Player.cpp(38,17): warning C4244: '引数': 'float' から 'int' への変換です。データが失われる可能性があります。
C:\Users\fko2347069\Desktop\Yamaguchitakeru_GitHub\Yamaguchitakeru_GitHub\TakeruHearts\TakeruHearts\TakeruHearts\Object\Fellow\Player.cpp(90,21): warning C4244: '引数': 'float' から 'int' への変換です。データが失われる可能性があります。
C:\Users\fko2347069\Desktop\Yamaguchitakeru_GitHub\Yamaguchitakeru_GitHub\TakeruHearts\TakeruHearts\TakeruHearts\Object\Fellow\Player.cpp(107,17): warning C4244: '引数': 'float' から 'int' への変換です。データが失われる可能性があります。
C:\Users\fko2347069\Desktop\Yamaguchitakeru_GitHub\Yamaguchitakeru_GitHub\TakeruHearts\TakeruHearts\TakeruHearts\Object\Fellow\Player.cpp(119,15): warning C4244: '引数': 'float' から 'int' への変換です。データが失われる可能性があります。
  Rigidbody.cpp
C:\Users\fko2347069\Desktop\Yamaguchitakeru_GitHub\Yamaguchitakeru_GitHub\TakeruHearts\TakeruHearts\プロジェクトに追加すべきファイル_VC用\DxLib.h(3344,1): warning C4819: ファイルは、現在のコード ページ (932) で表示できない文字を含んでいます。データの損失を防ぐために、ファイルを Unicode 形式で保存してください。
  Collidable.cpp
C:\Users\fko2347069\Desktop\Yamaguchitakeru_GitHub\Yamaguchitakeru_GitHub\TakeruHearts\TakeruHearts\プロジェクトに追加すべきファイル_VC用\DxLib.h(3344,1): warning C4819: ファイルは、現在のコード ページ (932) で表示できない文字を含んでいます。データの損失を防ぐために、ファイルを Unicode 形式で保存してください。
  Physics.cpp
C:\Users\fko2347069\Desktop\Yamaguchitakeru_GitHub\Yamaguchitakeru_GitHub\TakeruHearts\TakeruHearts\プロジェクトに追加すべきファイル_VC用\DxLib.h(3344,1): warning C4819: ファイルは、現在のコード ページ (932) で表示できない文字を含んでいます。データの損失を防ぐために、ファイルを Unicode 形式で保存してください。
  Tree.cpp
C:\Users\fko2347069\Desktop\Yamaguchitakeru_GitHub\Yamaguchitakeru_GitHub\TakeruHearts\TakeruHearts\プロジェクトに追加すべきファイル_VC用\DxLib.h(3344,1): warning C4819: ファイルは、現在のコード ページ (932) で表示できない文字を含んでいます。データの損失を防ぐために、ファイルを Unicode 形式で保存してください。
  Button.cpp
  コードを生成中...
  コンパイル中...
  Config.cpp
  Image.cpp
C:\Users\fko2347069\Desktop\Yamaguchitakeru_GitHub\Yamaguchitakeru_GitHub\TakeruHearts\TakeruHearts\プロジェクトに追加すべきファイル_VC用\DxLib.h(3344,1): warning C4819: ファイルは、現在のコード ページ (932) で表示できない文字を含んでいます。データの損失を防ぐために、ファイルを Unicode 形式で保存してください。
  InputDeviceManager.cpp
C:\Users\fko2347069\Desktop\Yamaguchitakeru_GitHub\Yamaguchitakeru_GitHub\TakeruHearts\TakeruHearts\プロジェクトに追加すべきファイル_VC用\DxLib.h(3344,1): warning C4819: ファイルは、現在のコード ページ (932) で表示できない文字を含んでいます。データの損失を防ぐために、ファイルを Unicode 形式で保存してください。
  JoyPad.cpp
C:\Users\fko2347069\Desktop\Yamaguchitakeru_GitHub\Yamaguchitakeru_GitHub\TakeruHearts\TakeruHearts\プロジェクトに追加すべきファイル_VC用\DxLib.h(3344,1): warning C4819: ファイルは、現在のコード ページ (932) で表示できない文字を含んでいます。データの損失を防ぐために、ファイルを Unicode 形式で保存してください。
  KeyBoard.cpp
C:\Users\fko2347069\Desktop\Yamaguchitakeru_GitHub\Yamaguchitakeru_GitHub\TakeruHearts\TakeruHearts\プロジェクトに追加すべきファイル_VC用\DxLib.h(3344,1): warning C4819: ファイルは、現在のコード ページ (932) で表示できない文字を含んでいます。データの損失を防ぐために、ファイルを Unicode 形式で保存してください。
  StatusMaster.cpp
  main.cpp
C:\Users\fko2347069\Desktop\Yamaguchitakeru_GitHub\Yamaguchitakeru_GitHub\TakeruHearts\TakeruHearts\プロジェクトに追加すべきファイル_VC用\DxLib.h(3344,1): warning C4819: ファイルは、現在のコード ページ (932) で表示できない文字を含んでいます。データの損失を防ぐために、ファイルを Unicode 形式で保存してください。
  SceneManager.cpp
C:\Users\fko2347069\Desktop\Yamaguchitakeru_GitHub\Yamaguchitakeru_GitHub\TakeruHearts\TakeruHearts\プロジェクトに追加すべきファイル_VC用\DxLib.h(3344,1): warning C4819: ファイルは、現在のコード ページ (932) で表示できない文字を含んでいます。データの損失を防ぐために、ファイルを Unicode 形式で保存してください。
  SceneResult.cpp
C:\Users\fko2347069\Desktop\Yamaguchitakeru_GitHub\Yamaguchitakeru_GitHub\TakeruHearts\TakeruHearts\プロジェクトに追加すべきファイル_VC用\DxLib.h(3344,1): warning C4819: ファイルは、現在のコード ページ (932) で表示できない文字を含んでいます。データの損失を防ぐために、ファイルを Unicode 形式で保存してください。
  SceneGame.cpp
C:\Users\fko2347069\Desktop\Yamaguchitakeru_GitHub\Yamaguchitakeru_GitHub\TakeruHearts\TakeruHearts\プロジェクトに追加すべきファイル_VC用\DxLib.h(3344,1): warning C4819: ファイルは、現在のコード ページ (932) で表示できない文字を含んでいます。データの損失を防ぐために、ファイルを Unicode 形式で保存してください。
  SceneBase.cpp
C:\Users\fko2347069\Desktop\Yamaguchitakeru_GitHub\Yamaguchitakeru_GitHub\TakeruHearts\TakeruHearts\プロジェクトに追加すべきファイル_VC用\DxLib.h(3344,1): warning C4819: ファイルは、現在のコード ページ (932) で表示できない文字を含んでいます。データの損失を防ぐために、ファイルを Unicode 形式で保存してください。
  SceneTitle.cpp
C:\Users\fko2347069\Desktop\Yamaguchitakeru_GitHub\Yamaguchitakeru_GitHub\TakeruHearts\TakeruHearts\プロジェクトに追加すべきファイル_VC用\DxLib.h(3344,1): warning C4819: ファイルは、現在のコード ページ (932) で表示できない文字を含んでいます。データの損失を防ぐために、ファイルを Unicode 形式で保存してください。
C:\Users\fko2347069\Desktop\Yamaguchitakeru_GitHub\Yamaguchitakeru_GitHub\TakeruHearts\TakeruHearts\TakeruHearts\Scene\SceneTitle.cpp(123,44): warning C4244: '引数': 'float' から 'int' への変換です。データが失われる可能性があります。
C:\Users\fko2347069\Desktop\Yamaguchitakeru_GitHub\Yamaguchitakeru_GitHub\TakeruHearts\TakeruHearts\TakeruHearts\Scene\SceneTitle.cpp(123,26): warning C4244: '引数': 'float' から 'int' への変換です。データが失われる可能性があります。
  コードを生成中...
  TakeruHearts.vcxproj -> C:\Users\fko2347069\Desktop\Yamaguchitakeru_GitHub\Yamaguchitakeru_GitHub\TakeruHearts\TakeruHearts\x64\Debug\TakeruHearts.exe
